<?xml version="1.0" encoding="UTF-8"?>
<testng-results ignored="0" total="1" passed="1" failed="0" skipped="0">
  <reporter-output>
  </reporter-output>
  <suite started-at="2024-01-06T14:50:52 IST" name="Test" finished-at="2024-01-06T14:50:59 IST" duration-ms="7385">
    <groups>
    </groups>
    <test started-at="2024-01-06T14:50:52 IST" name="Dynamic table data validation(failed)(failed)" finished-at="2024-01-06T14:50:59 IST" duration-ms="7385">
      <class name="tests.addDataIntoDynamicTable">
        <test-method is-config="true" signature="configDataAndEnv()[pri:0, instance:tests.addDataIntoDynamicTable@1c5920df]" started-at="2024-01-06T14:50:52 IST" name="configDataAndEnv" finished-at="2024-01-06T14:50:52 IST" duration-ms="39" status="PASS">
          <reporter-output>
          </reporter-output>
        </test-method> <!-- configDataAndEnv -->
        <test-method is-config="true" signature="launchBrowser(java.lang.String)[pri:0, instance:tests.addDataIntoDynamicTable@1c5920df]" started-at="2024-01-06T14:50:52 IST" name="launchBrowser" finished-at="2024-01-06T14:50:54 IST" duration-ms="2226" status="PASS">
          <params>
            <param index="0">
              <value is-null="true"/>
            </param>
          </params>
          <reporter-output>
          </reporter-output>
        </test-method> <!-- launchBrowser -->
        <test-method is-config="true" signature="launchApplication()[pri:0, instance:tests.addDataIntoDynamicTable@1c5920df]" started-at="2024-01-06T14:50:54 IST" name="launchApplication" finished-at="2024-01-06T14:50:56 IST" duration-ms="2229" status="PASS">
          <reporter-output>
          </reporter-output>
        </test-method> <!-- launchApplication -->
        <test-method signature="addingDataIntoTableAndValidation()[pri:0, instance:tests.addDataIntoDynamicTable@1c5920df]" started-at="2024-01-06T14:50:56 IST" name="addingDataIntoTableAndValidation" finished-at="2024-01-06T14:50:59 IST" duration-ms="2526" status="PASS">
          <reporter-output>
          </reporter-output>
        </test-method> <!-- addingDataIntoTableAndValidation -->
        <test-method is-config="true" signature="closingBrowser()[pri:0, instance:tests.addDataIntoDynamicTable@1c5920df]" started-at="2024-01-06T14:50:59 IST" name="closingBrowser" finished-at="2024-01-06T14:50:59 IST" duration-ms="322" status="PASS">
          <reporter-output>
          </reporter-output>
        </test-method> <!-- closingBrowser -->
      </class> <!-- tests.addDataIntoDynamicTable -->
    </test> <!-- Dynamic table data validation(failed)(failed) -->
  </suite> <!-- Test -->
</testng-results>
